<?xml version="1.0" encoding="UTF-8"?>
<!-- Generated by org.testng.reporters.JUnitReportReporter -->
<testsuite hostname="LAPTOP-MD35P1KQ" failures="0" tests="1" name="com.qa.testapi.PostTestApiClass" time="1.240" errors="0" timestamp="2020-09-06T14:32:02 GMT-04:00" skipped="0">
  <testcase classname="com.qa.testapi.PostTestApiClass" name="post" time="1.240"/>
  <system-out/>
</testsuite> <!-- com.qa.testapi.PostTestApiClass -->
