<?xml version="1.0" encoding="UTF-8"?>
<!-- Generated by org.testng.reporters.JUnitReportReporter -->
<testsuite hostname="LAPTOP-MD35P1KQ" failures="0" tests="1" name="com.qa.testapi.TestApiClass" time="1.068" errors="0" timestamp="2020-08-22T11:42:55 GMT-04:00" skipped="0">
  <testcase classname="com.qa.testapi.TestApiClass" name="geturl" time="1.068"/>
  <system-out/>
</testsuite> <!-- com.qa.testapi.TestApiClass -->
