<?xml version="1.0" encoding="UTF-8"?>
<!-- Generated by org.testng.reporters.JUnitReportReporter -->
<testsuite hostname="LAPTOP-MD35P1KQ" failures="0" tests="4" name="com.qa.testapi.TestApiClass" time="1.185" errors="0" timestamp="2020-08-24T16:10:50 GMT-04:00" skipped="0">
  <testcase classname="com.qa.testapi.TestApiClass" name="statuscode" time="0.006"/>
  <system-out/>
  <testcase classname="com.qa.testapi.TestApiClass" name="geturlwithheader" time="0.141"/>
  <system-out/>
  <testcase classname="com.qa.testapi.TestApiClass" name="geturl" time="0.912"/>
  <system-out/>
  <testcase classname="com.qa.testapi.TestApiClass" name="wrongurlvalidate" time="0.126"/>
  <system-out/>
</testsuite> <!-- com.qa.testapi.TestApiClass -->
