<?xml version="1.0" encoding="UTF-8"?>
<!-- Generated by org.testng.reporters.JUnitReportReporter -->
<testsuite hostname="LAPTOP-MD35P1KQ" failures="0" tests="1" name="com.qa.testapi.TestDelete" time="0.959" errors="0" timestamp="2020-09-05T11:40:13 GMT-04:00" skipped="0">
  <testcase classname="com.qa.testapi.TestDelete" name="httpdelete" time="0.959"/>
  <system-out/>
</testsuite> <!-- com.qa.testapi.TestDelete -->
