<?xml version="1.0" encoding="UTF-8"?>
<!-- Generated by org.testng.reporters.JUnitReportReporter -->
<testsuite hostname="LAPTOP-MD35P1KQ" failures="0" tests="3" name="com.qa.testapi.TestApiClass" time="1.190" errors="0" timestamp="2020-08-23T09:50:00 GMT-04:00" skipped="0">
  <testcase classname="com.qa.testapi.TestApiClass" name="statuscode" time="0.009"/>
  <system-out/>
  <testcase classname="com.qa.testapi.TestApiClass" name="geturl" time="0.991"/>
  <system-out/>
  <testcase classname="com.qa.testapi.TestApiClass" name="wrongurlvalidate" time="0.190"/>
  <system-out/>
</testsuite> <!-- com.qa.testapi.TestApiClass -->
