<?xml version="1.0" encoding="UTF-8"?>
<!-- Generated by org.testng.reporters.JUnitReportReporter -->
<testsuite hostname="LAPTOP-MD35P1KQ" failures="0" tests="1" name="com.qa.testbestbuyapi.DeleteBestbuyApi" time="0.412" errors="0" timestamp="2020-09-06T08:10:50 GMT-04:00" skipped="0">
  <testcase classname="com.qa.testbestbuyapi.DeleteBestbuyApi" name="deletebest" time="0.412"/>
  <system-out/>
</testsuite> <!-- com.qa.testbestbuyapi.DeleteBestbuyApi -->
