<?xml version="1.0" encoding="UTF-8"?>
<!-- Generated by org.testng.reporters.JUnitReportReporter -->
<testsuite hostname="LAPTOP-MD35P1KQ" failures="0" tests="1" name="com.qa.testbestbuyapi.PutMethodTestAPI" time="0.734" errors="0" timestamp="2020-09-07T13:18:56 GMT-04:00" skipped="0">
  <testcase classname="com.qa.testbestbuyapi.PutMethodTestAPI" name="postmethodapi" time="0.734"/>
  <system-out/>
</testsuite> <!-- com.qa.testbestbuyapi.PutMethodTestAPI -->
