<?xml version="1.0" encoding="UTF-8"?>
<!-- Generated by org.testng.reporters.JUnitReportReporter -->
<testsuite hostname="LAPTOP-MD35P1KQ" failures="0" tests="1" name="com.qa.testbestbuyapi.GetMethodTestAPI" time="0.588" errors="0" timestamp="2020-09-06T15:32:09 GMT-04:00" skipped="0">
  <testcase classname="com.qa.testbestbuyapi.GetMethodTestAPI" name="getmethodtest" time="0.588"/>
  <system-out/>
</testsuite> <!-- com.qa.testbestbuyapi.GetMethodTestAPI -->
